Build started 26.05.2015 10:28:31.
     1>Project "D:\system\Users\atari\Documents\Visual Studio 2010\projects\player\player\player.vcxproj" on node 2 (build target(s)).
     1>InitializeBuildStatus:
         Creating "Debug\player.unsuccessfulbuild" because "AlwaysCreate" was specified.
       ClCompile:
         C:\Program Files (x86)\Microsoft Visual Studio 10.0\VC\bin\CL.exe /c /ZI /nologo /W3 /WX- /Od /Oy- /D WIN32 /D _DEBUG /D _WINDOWS /D _MBCS /Gm /EHsc /RTC1 /MDd /GS /fp:precise /Zc:wchar_t /Zc:forScope /Yc"StdAfx.h" /Fp"Debug\player.pch" /Fo"Debug\\" /Fd"Debug\vc100.pdb" /Gd /TP /analyze- /errorReport:prompt stdafx.cpp
         stdafx.cpp
         C:\Program Files (x86)\Microsoft Visual Studio 10.0\VC\bin\CL.exe /c /ZI /nologo /W3 /WX- /Od /Oy- /D WIN32 /D _DEBUG /D _WINDOWS /D _MBCS /Gm /EHsc /RTC1 /MDd /GS /fp:precise /Zc:wchar_t /Zc:forScope /Yu"StdAfx.h" /Fp"Debug\player.pch" /Fo"Debug\\" /Fd"Debug\vc100.pdb" /Gd /TP /analyze- /errorReport:prompt player.cpp
         player.cpp
     1>d:\system\users\atari\documents\visual studio 2010\projects\player\player\player.cpp(197): warning C4244: '=' : conversion from 'double' to 'DWORD', possible loss of data
     1>d:\system\users\atari\documents\visual studio 2010\projects\player\player\player.cpp(199): warning C4244: '=' : conversion from 'double' to 'DWORD', possible loss of data
       ResourceCompile:
         C:\Program Files (x86)\Microsoft SDKs\Windows\v7.0A\bin\rc.exe /l"0x0409" /nologo /fo"Debug\player.res" player.rc 
       ManifestResourceCompile:
         C:\Program Files (x86)\Microsoft SDKs\Windows\v7.0A\bin\rc.exe /nologo /fo"Debug\player.exe.embed.manifest.res" Debug\player_manifest.rc 
       Link:
         C:\Program Files (x86)\Microsoft Visual Studio 10.0\VC\bin\link.exe /ERRORREPORT:PROMPT /OUT:"D:\system\Users\atari\Documents\Visual Studio 2010\projects\player\Debug\player.exe" /INCREMENTAL /NOLOGO kernel32.lib user32.lib gdi32.lib winspool.lib comdlg32.lib advapi32.lib shell32.lib ole32.lib oleaut32.lib uuid.lib odbc32.lib odbccp32.lib /MANIFEST /ManifestFile:"Debug\player.exe.intermediate.manifest" /MANIFESTUAC:"level='asInvoker' uiAccess='false'" /DEBUG /PDB:"D:\system\Users\atari\Documents\Visual Studio 2010\projects\player\Debug\player.pdb" /SUBSYSTEM:WINDOWS /TLBID:1 /DYNAMICBASE /NXCOMPAT /IMPLIB:"D:\system\Users\atari\Documents\Visual Studio 2010\projects\player\Debug\player.lib" /MACHINE:X86 Debug\player.res
         Debug\player.exe.embed.manifest.res
         Debug\player.obj
         Debug\stdafx.obj
       Manifest:
         Deleting file "Debug\player.exe.embed.manifest".
         C:\Program Files (x86)\Microsoft SDKs\Windows\v7.0A\bin\mt.exe /nologo /verbose /out:"Debug\player.exe.embed.manifest" /manifest Debug\player.exe.intermediate.manifest
         C:\Program Files (x86)\Microsoft SDKs\Windows\v7.0A\bin\rc.exe /nologo /fo"Debug\player.exe.embed.manifest.res" Debug\player_manifest.rc 
       LinkEmbedManifest:
         C:\Program Files (x86)\Microsoft Visual Studio 10.0\VC\bin\link.exe /ERRORREPORT:PROMPT /OUT:"D:\system\Users\atari\Documents\Visual Studio 2010\projects\player\Debug\player.exe" /INCREMENTAL /NOLOGO kernel32.lib user32.lib gdi32.lib winspool.lib comdlg32.lib advapi32.lib shell32.lib ole32.lib oleaut32.lib uuid.lib odbc32.lib odbccp32.lib /MANIFEST /ManifestFile:"Debug\player.exe.intermediate.manifest" /MANIFESTUAC:"level='asInvoker' uiAccess='false'" /DEBUG /PDB:"D:\system\Users\atari\Documents\Visual Studio 2010\projects\player\Debug\player.pdb" /SUBSYSTEM:WINDOWS /TLBID:1 /DYNAMICBASE /NXCOMPAT /IMPLIB:"D:\system\Users\atari\Documents\Visual Studio 2010\projects\player\Debug\player.lib" /MACHINE:X86 Debug\player.res
         Debug\player.exe.embed.manifest.res
         Debug\player.obj
         Debug\stdafx.obj
         player.vcxproj -> D:\system\Users\atari\Documents\Visual Studio 2010\projects\player\Debug\player.exe
       FinalizeBuildStatus:
         Deleting file "Debug\player.unsuccessfulbuild".
         Touching "Debug\player.lastbuildstate".
     1>Done Building Project "D:\system\Users\atari\Documents\Visual Studio 2010\projects\player\player\player.vcxproj" (build target(s)).

Build succeeded.

Time Elapsed 00:00:02.54
