D:\SYSTEM\USERS\ATARI\DOCUMENTS\VISUAL STUDIO 2010\PROJECTS\PLAYER\DEBUG\PLAYER.EXE
D:\SYSTEM\USERS\ATARI\DOCUMENTS\VISUAL STUDIO 2010\PROJECTS\PLAYER\DEBUG\PLAYER.ILK
D:\SYSTEM\USERS\ATARI\DOCUMENTS\VISUAL STUDIO 2010\PROJECTS\PLAYER\DEBUG\PLAYER.PDB
D:\system\Users\atari\Documents\Visual Studio 2010\projects\player\player\Debug\cl.command.1.tlog
D:\system\Users\atari\Documents\Visual Studio 2010\projects\player\player\Debug\CL.read.1.tlog
D:\system\Users\atari\Documents\Visual Studio 2010\projects\player\player\Debug\CL.write.1.tlog
D:\system\Users\atari\Documents\Visual Studio 2010\projects\player\player\Debug\link.command.1.tlog
D:\system\Users\atari\Documents\Visual Studio 2010\projects\player\player\Debug\link.read.1.tlog
D:\system\Users\atari\Documents\Visual Studio 2010\projects\player\player\Debug\link.write.1.tlog
D:\system\Users\atari\Documents\Visual Studio 2010\projects\player\player\Debug\link-cvtres.read.1.tlog
D:\system\Users\atari\Documents\Visual Studio 2010\projects\player\player\Debug\link-cvtres.write.1.tlog
D:\system\Users\atari\Documents\Visual Studio 2010\projects\player\player\Debug\mt.command.1.tlog
D:\system\Users\atari\Documents\Visual Studio 2010\projects\player\player\Debug\mt.read.1.tlog
D:\system\Users\atari\Documents\Visual Studio 2010\projects\player\player\Debug\mt.write.1.tlog
D:\SYSTEM\USERS\ATARI\DOCUMENTS\VISUAL STUDIO 2010\PROJECTS\PLAYER\PLAYER\DEBUG\PLAYER.EXE.EMBED.MANIFEST
D:\SYSTEM\USERS\ATARI\DOCUMENTS\VISUAL STUDIO 2010\PROJECTS\PLAYER\PLAYER\DEBUG\PLAYER.EXE.EMBED.MANIFEST.RES
D:\SYSTEM\USERS\ATARI\DOCUMENTS\VISUAL STUDIO 2010\PROJECTS\PLAYER\PLAYER\DEBUG\PLAYER.EXE.INTERMEDIATE.MANIFEST
D:\SYSTEM\USERS\ATARI\DOCUMENTS\VISUAL STUDIO 2010\PROJECTS\PLAYER\PLAYER\DEBUG\PLAYER.OBJ
D:\SYSTEM\USERS\ATARI\DOCUMENTS\VISUAL STUDIO 2010\PROJECTS\PLAYER\PLAYER\DEBUG\PLAYER.PCH
D:\SYSTEM\USERS\ATARI\DOCUMENTS\VISUAL STUDIO 2010\PROJECTS\PLAYER\PLAYER\DEBUG\PLAYER.RES
D:\system\Users\atari\Documents\Visual Studio 2010\projects\player\player\Debug\player.write.1.tlog
D:\system\Users\atari\Documents\Visual Studio 2010\projects\player\player\Debug\player_manifest.rc
D:\system\Users\atari\Documents\Visual Studio 2010\projects\player\player\Debug\rc.command.1.tlog
D:\system\Users\atari\Documents\Visual Studio 2010\projects\player\player\Debug\rc.read.1.tlog
D:\system\Users\atari\Documents\Visual Studio 2010\projects\player\player\Debug\rc.write.1.tlog
D:\SYSTEM\USERS\ATARI\DOCUMENTS\VISUAL STUDIO 2010\PROJECTS\PLAYER\PLAYER\DEBUG\STDAFX.OBJ
D:\system\Users\atari\Documents\Visual Studio 2010\projects\player\player\Debug\vc100.idb
D:\SYSTEM\USERS\ATARI\DOCUMENTS\VISUAL STUDIO 2010\PROJECTS\PLAYER\PLAYER\DEBUG\VC100.PDB
