D:\system\Users\atari\GitHub\player\player\Release\cl.command.1.tlog
D:\system\Users\atari\GitHub\player\player\Release\CL.read.1.tlog
D:\system\Users\atari\GitHub\player\player\Release\CL.write.1.tlog
D:\system\Users\atari\GitHub\player\player\Release\link.command.1.tlog
D:\system\Users\atari\GitHub\player\player\Release\link.read.1.tlog
D:\system\Users\atari\GitHub\player\player\Release\link.write.1.tlog
D:\system\Users\atari\GitHub\player\player\Release\link-cvtres.read.1.tlog
D:\system\Users\atari\GitHub\player\player\Release\link-cvtres.write.1.tlog
D:\system\Users\atari\GitHub\player\player\Release\mt.command.1.tlog
D:\system\Users\atari\GitHub\player\player\Release\mt.read.1.tlog
D:\system\Users\atari\GitHub\player\player\Release\mt.write.1.tlog
D:\SYSTEM\USERS\ATARI\GITHUB\PLAYER\PLAYER\RELEASE\PLAYER.EXE.INTERMEDIATE.MANIFEST
D:\SYSTEM\USERS\ATARI\GITHUB\PLAYER\PLAYER\RELEASE\PLAYER.OBJ
D:\SYSTEM\USERS\ATARI\GITHUB\PLAYER\PLAYER\RELEASE\PLAYER.PCH
D:\SYSTEM\USERS\ATARI\GITHUB\PLAYER\PLAYER\RELEASE\PLAYER.RES
D:\system\Users\atari\GitHub\player\player\Release\rc.command.1.tlog
D:\system\Users\atari\GitHub\player\player\Release\rc.read.1.tlog
D:\system\Users\atari\GitHub\player\player\Release\rc.write.1.tlog
D:\SYSTEM\USERS\ATARI\GITHUB\PLAYER\PLAYER\RELEASE\STDAFX.OBJ
D:\SYSTEM\USERS\ATARI\GITHUB\PLAYER\PLAYER\RELEASE\VC100.PDB
D:\SYSTEM\USERS\ATARI\GITHUB\PLAYER\RELEASE\PLAYER.EXE
D:\SYSTEM\USERS\ATARI\GITHUB\PLAYER\RELEASE\PLAYER.PDB
